{"name":"Ingresar a la pagina de tutorial ninja, crear un usuario para compras y verificar que el nombre de usuario corresponde al usuario que ingresa","id":"ingresar-a-la-pagina-de-tutorial-ninja;ingresar-a-la-pagina-de-tutorial-ninja--crear-un-usuario-para-compras-y-verificar-que-el-nombre-de-usuario-corresponde-al-usuario-que-ingresa","testSteps":[{"number":1,"description":"Dado que Diana ingresa a la pagina de tutorial ninja","duration":10878,"startTime":"2020-03-22T13:33:36.051-05:00[America/Bogota]","screenshots":[{"screenshot":"d84f4f2aac1a8f3b67e5e1984c5801c988c9d357991d993d9d0367511de0029a.png"}],"result":"SUCCESS","precondition":false,"children":[{"number":2,"description":"Diana opens the Crear usuario compras","duration":8419,"startTime":"2020-03-22T13:33:37.036-05:00[America/Bogota]","screenshots":[{"screenshot":"3c1c17fd14cdc4709f2b8f1b27fc8193bcdb0de96b5557158564c455575e91bb.png"}],"result":"SUCCESS","precondition":false},{"number":3,"description":"Diana opens the Loguear usuario","duration":907,"startTime":"2020-03-22T13:33:45.486-05:00[America/Bogota]","screenshots":[{"screenshot":"d84f4f2aac1a8f3b67e5e1984c5801c988c9d357991d993d9d0367511de0029a.png"}],"result":"SUCCESS","precondition":false}]},{"number":4,"description":"Cuando requiero crear un usuario para realizar una compra\r\n| Nombre | Apellido | Email | Telefono | Password | ConfPassword |\r\n| Diana | Camacho | hola8@gmail.com | 12345 | diana | diana |","duration":10835,"startTime":"2020-03-22T13:33:46.929-05:00[America/Bogota]","exception":{"errorType":"net.thucydides.core.webdriver.exceptions.ElementShouldBeEnabledException","message":"The following error occurred: Expected enabled element was not enabled","stackTrace":[{"declaringClass":"co.com.proyectobase.screenplay.tasks.CrearUsuario","methodName":"performAs","fileName":"CrearUsuario.java","lineNumber":19},{"declaringClass":"co.com.proyectobase.screenplay.stepdefinitions.CrearUsuarioCompras","methodName":"requieroCrearUnUsuarioParaRealizarUnaCompra","fileName":"CrearUsuarioCompras.java","lineNumber":35},{"declaringClass":"cucumber.runner.Runner","methodName":"runPickle","fileName":"Runner.java","lineNumber":80}],"rootCause":{"errorType":"org.openqa.selenium.TimeoutException","message":"Expected condition failed: waiting for By.linkText: My Account to be enabled (tried for 5 second(s) with 100 milliseconds interval)","stackTrace":[{"declaringClass":"co.com.proyectobase.screenplay.tasks.CrearUsuario","methodName":"performAs","fileName":"CrearUsuario.java","lineNumber":19},{"declaringClass":"co.com.proyectobase.screenplay.stepdefinitions.CrearUsuarioCompras","methodName":"requieroCrearUnUsuarioParaRealizarUnaCompra","fileName":"CrearUsuarioCompras.java","lineNumber":35},{"declaringClass":"cucumber.runner.Runner","methodName":"runPickle","fileName":"Runner.java","lineNumber":80}],"rootCause":{"errorType":"org.openqa.selenium.NoSuchElementException","message":"no such element: Unable to locate element: {\"method\":\"link text\",\"selector\":\"My Account\"}\n  (Session info: chrome\u003d80.0.3987.149)\n  (Driver info: chromedriver\u003d2.39.562718 (9a2698cba08cf5a471a29d30c8b3e12becabb0e9),platform\u003dWindows NT 10.0.17763 x86_64) (WARNING: The server did not provide any stacktrace information)\nCommand duration or timeout: 0 milliseconds\nFor documentation on this error, please visit: http://seleniumhq.org/exceptions/no_such_element.html\nBuild info: version: \u00273.11.0\u0027, revision: \u0027e59cfb3\u0027, time: \u00272018-03-11T20:26:55.152Z\u0027\nSystem info: host: \u0027LAPTOP-EB07URDE\u0027, ip: \u0027192.168.1.61\u0027, os.name: \u0027Windows 10\u0027, os.arch: \u0027amd64\u0027, os.version: \u002710.0\u0027, java.version: \u00271.8.0_221\u0027\nDriver info: org.openqa.selenium.remote.RemoteWebDriver\nCapabilities {acceptInsecureCerts: false, acceptSslCerts: false, applicationCacheEnabled: false, browserConnectionEnabled: false, browserName: chrome, chrome: {chromedriverVersion: 2.39.562718 (9a2698cba08cf5..., userDataDir: C:\\Users\\SWEETC~1\\AppData\\L...}, cssSelectorsEnabled: true, databaseEnabled: false, handlesAlerts: true, hasTouchScreen: false, javascriptEnabled: true, locationContextEnabled: true, mobileEmulationEnabled: false, nativeEvents: true, networkConnectionEnabled: false, pageLoadStrategy: normal, platform: XP, platformName: XP, rotatable: false, setWindowRect: true, takesHeapSnapshot: true, takesScreenshot: true, unexpectedAlertBehaviour: , unhandledPromptBehavior: , version: 80.0.3987.149, webStorageEnabled: true}\nSession ID: 4582fb5e2351ef455d65e4e96c81194c\n*** Element info: {Using\u003dlink text, value\u003dMy Account}","stackTrace":[{"declaringClass":"co.com.proyectobase.screenplay.tasks.CrearUsuario","methodName":"performAs","fileName":"CrearUsuario.java","lineNumber":19},{"declaringClass":"co.com.proyectobase.screenplay.stepdefinitions.CrearUsuarioCompras","methodName":"requieroCrearUnUsuarioParaRealizarUnaCompra","fileName":"CrearUsuarioCompras.java","lineNumber":35},{"declaringClass":"cucumber.runner.Runner","methodName":"runPickle","fileName":"Runner.java","lineNumber":80}]}}},"result":"FAILURE","precondition":false,"children":[{"number":5,"description":"Diana clicks on Seleccionar campo menu","duration":10729,"startTime":"2020-03-22T13:33:47.023-05:00[America/Bogota]","screenshots":[{"screenshot":"d84f4f2aac1a8f3b67e5e1984c5801c988c9d357991d993d9d0367511de0029a.png","htmlSource":"pagesource7835210995529986052.html.txt"}],"exception":{"errorType":"net.thucydides.core.webdriver.exceptions.ElementShouldBeEnabledException","message":"The following error occurred: Expected enabled element was not enabled","stackTrace":[{"declaringClass":"co.com.proyectobase.screenplay.tasks.CrearUsuario","methodName":"performAs","fileName":"CrearUsuario.java","lineNumber":19},{"declaringClass":"co.com.proyectobase.screenplay.stepdefinitions.CrearUsuarioCompras","methodName":"requieroCrearUnUsuarioParaRealizarUnaCompra","fileName":"CrearUsuarioCompras.java","lineNumber":35},{"declaringClass":"cucumber.runner.Runner","methodName":"runPickle","fileName":"Runner.java","lineNumber":80}],"rootCause":{"errorType":"org.openqa.selenium.TimeoutException","message":"Expected condition failed: waiting for By.linkText: My Account to be enabled (tried for 5 second(s) with 100 milliseconds interval)","stackTrace":[{"declaringClass":"co.com.proyectobase.screenplay.tasks.CrearUsuario","methodName":"performAs","fileName":"CrearUsuario.java","lineNumber":19},{"declaringClass":"co.com.proyectobase.screenplay.stepdefinitions.CrearUsuarioCompras","methodName":"requieroCrearUnUsuarioParaRealizarUnaCompra","fileName":"CrearUsuarioCompras.java","lineNumber":35},{"declaringClass":"cucumber.runner.Runner","methodName":"runPickle","fileName":"Runner.java","lineNumber":80}],"rootCause":{"errorType":"org.openqa.selenium.NoSuchElementException","message":"no such element: Unable to locate element: {\"method\":\"link text\",\"selector\":\"My Account\"}\n  (Session info: chrome\u003d80.0.3987.149)\n  (Driver info: chromedriver\u003d2.39.562718 (9a2698cba08cf5a471a29d30c8b3e12becabb0e9),platform\u003dWindows NT 10.0.17763 x86_64) (WARNING: The server did not provide any stacktrace information)\nCommand duration or timeout: 0 milliseconds\nFor documentation on this error, please visit: http://seleniumhq.org/exceptions/no_such_element.html\nBuild info: version: \u00273.11.0\u0027, revision: \u0027e59cfb3\u0027, time: \u00272018-03-11T20:26:55.152Z\u0027\nSystem info: host: \u0027LAPTOP-EB07URDE\u0027, ip: \u0027192.168.1.61\u0027, os.name: \u0027Windows 10\u0027, os.arch: \u0027amd64\u0027, os.version: \u002710.0\u0027, java.version: \u00271.8.0_221\u0027\nDriver info: org.openqa.selenium.remote.RemoteWebDriver\nCapabilities {acceptInsecureCerts: false, acceptSslCerts: false, applicationCacheEnabled: false, browserConnectionEnabled: false, browserName: chrome, chrome: {chromedriverVersion: 2.39.562718 (9a2698cba08cf5..., userDataDir: C:\\Users\\SWEETC~1\\AppData\\L...}, cssSelectorsEnabled: true, databaseEnabled: false, handlesAlerts: true, hasTouchScreen: false, javascriptEnabled: true, locationContextEnabled: true, mobileEmulationEnabled: false, nativeEvents: true, networkConnectionEnabled: false, pageLoadStrategy: normal, platform: XP, platformName: XP, rotatable: false, setWindowRect: true, takesHeapSnapshot: true, takesScreenshot: true, unexpectedAlertBehaviour: , unhandledPromptBehavior: , version: 80.0.3987.149, webStorageEnabled: true}\nSession ID: 4582fb5e2351ef455d65e4e96c81194c\n*** Element info: {Using\u003dlink text, value\u003dMy Account}","stackTrace":[{"declaringClass":"co.com.proyectobase.screenplay.tasks.CrearUsuario","methodName":"performAs","fileName":"CrearUsuario.java","lineNumber":19},{"declaringClass":"co.com.proyectobase.screenplay.stepdefinitions.CrearUsuarioCompras","methodName":"requieroCrearUnUsuarioParaRealizarUnaCompra","fileName":"CrearUsuarioCompras.java","lineNumber":35},{"declaringClass":"cucumber.runner.Runner","methodName":"runPickle","fileName":"Runner.java","lineNumber":80}]}}},"result":"FAILURE","precondition":false}]},{"number":6,"description":"Perform as: Diana","duration":16,"startTime":"2020-03-22T13:33:57.764-05:00[America/Bogota]","exception":{"errorType":"net.thucydides.core.webdriver.exceptions.ElementShouldBeEnabledException","message":"The following error occurred: Expected enabled element was not enabled","stackTrace":[{"declaringClass":"co.com.proyectobase.screenplay.tasks.CrearUsuario","methodName":"performAs","fileName":"CrearUsuario.java","lineNumber":19},{"declaringClass":"co.com.proyectobase.screenplay.stepdefinitions.CrearUsuarioCompras","methodName":"requieroCrearUnUsuarioParaRealizarUnaCompra","fileName":"CrearUsuarioCompras.java","lineNumber":35},{"declaringClass":"cucumber.runner.Runner","methodName":"runPickle","fileName":"Runner.java","lineNumber":80}],"rootCause":{"errorType":"org.openqa.selenium.TimeoutException","message":"Expected condition failed: waiting for By.linkText: My Account to be enabled (tried for 5 second(s) with 100 milliseconds interval)","stackTrace":[{"declaringClass":"co.com.proyectobase.screenplay.tasks.CrearUsuario","methodName":"performAs","fileName":"CrearUsuario.java","lineNumber":19},{"declaringClass":"co.com.proyectobase.screenplay.stepdefinitions.CrearUsuarioCompras","methodName":"requieroCrearUnUsuarioParaRealizarUnaCompra","fileName":"CrearUsuarioCompras.java","lineNumber":35},{"declaringClass":"cucumber.runner.Runner","methodName":"runPickle","fileName":"Runner.java","lineNumber":80}],"rootCause":{"errorType":"org.openqa.selenium.NoSuchElementException","message":"no such element: Unable to locate element: {\"method\":\"link text\",\"selector\":\"My Account\"}\n  (Session info: chrome\u003d80.0.3987.149)\n  (Driver info: chromedriver\u003d2.39.562718 (9a2698cba08cf5a471a29d30c8b3e12becabb0e9),platform\u003dWindows NT 10.0.17763 x86_64) (WARNING: The server did not provide any stacktrace information)\nCommand duration or timeout: 0 milliseconds\nFor documentation on this error, please visit: http://seleniumhq.org/exceptions/no_such_element.html\nBuild info: version: \u00273.11.0\u0027, revision: \u0027e59cfb3\u0027, time: \u00272018-03-11T20:26:55.152Z\u0027\nSystem info: host: \u0027LAPTOP-EB07URDE\u0027, ip: \u0027192.168.1.61\u0027, os.name: \u0027Windows 10\u0027, os.arch: \u0027amd64\u0027, os.version: \u002710.0\u0027, java.version: \u00271.8.0_221\u0027\nDriver info: org.openqa.selenium.remote.RemoteWebDriver\nCapabilities {acceptInsecureCerts: false, acceptSslCerts: false, applicationCacheEnabled: false, browserConnectionEnabled: false, browserName: chrome, chrome: {chromedriverVersion: 2.39.562718 (9a2698cba08cf5..., userDataDir: C:\\Users\\SWEETC~1\\AppData\\L...}, cssSelectorsEnabled: true, databaseEnabled: false, handlesAlerts: true, hasTouchScreen: false, javascriptEnabled: true, locationContextEnabled: true, mobileEmulationEnabled: false, nativeEvents: true, networkConnectionEnabled: false, pageLoadStrategy: normal, platform: XP, platformName: XP, rotatable: false, setWindowRect: true, takesHeapSnapshot: true, takesScreenshot: true, unexpectedAlertBehaviour: , unhandledPromptBehavior: , version: 80.0.3987.149, webStorageEnabled: true}\nSession ID: 4582fb5e2351ef455d65e4e96c81194c\n*** Element info: {Using\u003dlink text, value\u003dMy Account}","stackTrace":[{"declaringClass":"co.com.proyectobase.screenplay.tasks.CrearUsuario","methodName":"performAs","fileName":"CrearUsuario.java","lineNumber":19},{"declaringClass":"co.com.proyectobase.screenplay.stepdefinitions.CrearUsuarioCompras","methodName":"requieroCrearUnUsuarioParaRealizarUnaCompra","fileName":"CrearUsuarioCompras.java","lineNumber":35},{"declaringClass":"cucumber.runner.Runner","methodName":"runPickle","fileName":"Runner.java","lineNumber":80}]}}},"result":"FAILURE","precondition":false},{"number":7,"description":"Entonces verificar que el nombre del usuario corresponde al usuario con el que ingresa","duration":4,"startTime":"2020-03-22T13:33:57.788-05:00[America/Bogota]","result":"SKIPPED","precondition":false}],"userStory":{"id":"ingresar-a-la-pagina-de-tutorial-ninja","storyName":"Ingresar a la pagina de tutorial ninja","path":"src/test/resources/features/IngresarPaginaNinja.feature","narrative":"  Seleccionar el producto a ser agregado\n  Para validar que fue agregado correctamente al carrito de compras","type":"feature"},"featureTag":{"name":"Features/Ingresar a la pagina de tutorial ninja","type":"feature"},"title":"Ingresar a la pagina de tutorial ninja, crear un usuario para compras y verificar que el nombre de usuario corresponde al usuario que ingresa","tags":[{"name":"Regresion","type":"tag"},{"name":"Caso1","type":"tag"},{"name":"Ingresar a la pagina de tutorial ninja","type":"feature"}],"startTime":"2020-03-22T13:33:33.972-05:00[America/Bogota]","duration":24378,"testFailureCause":{"errorType":"net.thucydides.core.webdriver.exceptions.ElementShouldBeEnabledException","message":"The following error occurred: Expected enabled element was not enabled","stackTrace":[{"declaringClass":"co.com.proyectobase.screenplay.tasks.CrearUsuario","methodName":"performAs","fileName":"CrearUsuario.java","lineNumber":19},{"declaringClass":"co.com.proyectobase.screenplay.stepdefinitions.CrearUsuarioCompras","methodName":"requieroCrearUnUsuarioParaRealizarUnaCompra","fileName":"CrearUsuarioCompras.java","lineNumber":35},{"declaringClass":"cucumber.runner.Runner","methodName":"runPickle","fileName":"Runner.java","lineNumber":80}],"rootCause":{"errorType":"org.openqa.selenium.TimeoutException","message":"Expected condition failed: waiting for By.linkText: My Account to be enabled (tried for 5 second(s) with 100 milliseconds interval)","stackTrace":[{"declaringClass":"co.com.proyectobase.screenplay.tasks.CrearUsuario","methodName":"performAs","fileName":"CrearUsuario.java","lineNumber":19},{"declaringClass":"co.com.proyectobase.screenplay.stepdefinitions.CrearUsuarioCompras","methodName":"requieroCrearUnUsuarioParaRealizarUnaCompra","fileName":"CrearUsuarioCompras.java","lineNumber":35},{"declaringClass":"cucumber.runner.Runner","methodName":"runPickle","fileName":"Runner.java","lineNumber":80}],"rootCause":{"errorType":"org.openqa.selenium.NoSuchElementException","message":"no such element: Unable to locate element: {\"method\":\"link text\",\"selector\":\"My Account\"}\n  (Session info: chrome\u003d80.0.3987.149)\n  (Driver info: chromedriver\u003d2.39.562718 (9a2698cba08cf5a471a29d30c8b3e12becabb0e9),platform\u003dWindows NT 10.0.17763 x86_64) (WARNING: The server did not provide any stacktrace information)\nCommand duration or timeout: 0 milliseconds\nFor documentation on this error, please visit: http://seleniumhq.org/exceptions/no_such_element.html\nBuild info: version: \u00273.11.0\u0027, revision: \u0027e59cfb3\u0027, time: \u00272018-03-11T20:26:55.152Z\u0027\nSystem info: host: \u0027LAPTOP-EB07URDE\u0027, ip: \u0027192.168.1.61\u0027, os.name: \u0027Windows 10\u0027, os.arch: \u0027amd64\u0027, os.version: \u002710.0\u0027, java.version: \u00271.8.0_221\u0027\nDriver info: org.openqa.selenium.remote.RemoteWebDriver\nCapabilities {acceptInsecureCerts: false, acceptSslCerts: false, applicationCacheEnabled: false, browserConnectionEnabled: false, browserName: chrome, chrome: {chromedriverVersion: 2.39.562718 (9a2698cba08cf5..., userDataDir: C:\\Users\\SWEETC~1\\AppData\\L...}, cssSelectorsEnabled: true, databaseEnabled: false, handlesAlerts: true, hasTouchScreen: false, javascriptEnabled: true, locationContextEnabled: true, mobileEmulationEnabled: false, nativeEvents: true, networkConnectionEnabled: false, pageLoadStrategy: normal, platform: XP, platformName: XP, rotatable: false, setWindowRect: true, takesHeapSnapshot: true, takesScreenshot: true, unexpectedAlertBehaviour: , unhandledPromptBehavior: , version: 80.0.3987.149, webStorageEnabled: true}\nSession ID: 4582fb5e2351ef455d65e4e96c81194c\n*** Element info: {Using\u003dlink text, value\u003dMy Account}","stackTrace":[{"declaringClass":"co.com.proyectobase.screenplay.tasks.CrearUsuario","methodName":"performAs","fileName":"CrearUsuario.java","lineNumber":19},{"declaringClass":"co.com.proyectobase.screenplay.stepdefinitions.CrearUsuarioCompras","methodName":"requieroCrearUnUsuarioParaRealizarUnaCompra","fileName":"CrearUsuarioCompras.java","lineNumber":35},{"declaringClass":"cucumber.runner.Runner","methodName":"runPickle","fileName":"Runner.java","lineNumber":80}]}}},"testFailureClassname":"net.thucydides.core.webdriver.exceptions.ElementShouldBeEnabledException","testFailureMessage":"The following error occurred: Expected enabled element was not enabled","testFailureSummary":"FAILURE;net.thucydides.core.webdriver.exceptions.ElementShouldBeEnabledException;The following error occurred: Expected enabled element was not enabled;CrearUsuario.java","projectKey":"","annotatedResult":"FAILURE","sessionId":"4582fb5e2351ef455d65e4e96c81194c","driver":"chrome","manual":false,"testSource":"Cucumber","result":"FAILURE"}